<?xml version="1.0" encoding="UTF-8"?>
<testsuite xmlns:xsi="http://www.w3.org/2001/XMLSchema-instance" xsi:noNamespaceSchemaLocation="https://maven.apache.org/surefire/maven-surefire-plugin/xsd/surefire-test-report.xsd" name="com.cbd.AppTest" time="0.037" tests="1" errors="0" skipped="0" failures="0">
  <properties>
    <property name="java.specification.version" value="14"/>
    <property name="sun.jnu.encoding" value="UTF-8"/>
    <property name="java.class.path" value="/Users/mario/Desktop/CBD/Lab3_93430/3/app/target/test-classes:/Users/mario/Desktop/CBD/Lab3_93430/3/app/target/classes:/Users/mario/.m2/repository/junit/junit/4.11/junit-4.11.jar:/Users/mario/.m2/repository/org/hamcrest/hamcrest-core/1.3/hamcrest-core-1.3.jar:/Users/mario/.m2/repository/com/datastax/cassandra/cassandra-driver-core/3.10.0/cassandra-driver-core-3.10.0.jar:/Users/mario/.m2/repository/io/netty/netty-handler/4.0.56.Final/netty-handler-4.0.56.Final.jar:/Users/mario/.m2/repository/io/netty/netty-buffer/4.0.56.Final/netty-buffer-4.0.56.Final.jar:/Users/mario/.m2/repository/io/netty/netty-common/4.0.56.Final/netty-common-4.0.56.Final.jar:/Users/mario/.m2/repository/io/netty/netty-transport/4.0.56.Final/netty-transport-4.0.56.Final.jar:/Users/mario/.m2/repository/io/netty/netty-codec/4.0.56.Final/netty-codec-4.0.56.Final.jar:/Users/mario/.m2/repository/com/google/guava/guava/19.0/guava-19.0.jar:/Users/mario/.m2/repository/io/dropwizard/metrics/metrics-core/3.2.2/metrics-core-3.2.2.jar:/Users/mario/.m2/repository/org/slf4j/slf4j-api/1.7.25/slf4j-api-1.7.25.jar:/Users/mario/.m2/repository/com/github/jnr/jnr-ffi/2.1.7/jnr-ffi-2.1.7.jar:/Users/mario/.m2/repository/com/github/jnr/jffi/1.2.16/jffi-1.2.16.jar:/Users/mario/.m2/repository/com/github/jnr/jffi/1.2.16/jffi-1.2.16-native.jar:/Users/mario/.m2/repository/org/ow2/asm/asm/5.0.3/asm-5.0.3.jar:/Users/mario/.m2/repository/org/ow2/asm/asm-commons/5.0.3/asm-commons-5.0.3.jar:/Users/mario/.m2/repository/org/ow2/asm/asm-analysis/5.0.3/asm-analysis-5.0.3.jar:/Users/mario/.m2/repository/org/ow2/asm/asm-tree/5.0.3/asm-tree-5.0.3.jar:/Users/mario/.m2/repository/org/ow2/asm/asm-util/5.0.3/asm-util-5.0.3.jar:/Users/mario/.m2/repository/com/github/jnr/jnr-x86asm/1.0.2/jnr-x86asm-1.0.2.jar:/Users/mario/.m2/repository/com/github/jnr/jnr-posix/3.0.44/jnr-posix-3.0.44.jar:/Users/mario/.m2/repository/com/github/jnr/jnr-constants/0.9.9/jnr-constants-0.9.9.jar:/Users/mario/.m2/repository/com/fasterxml/jackson/core/jackson-databind/2.7.9.3/jackson-databind-2.7.9.3.jar:/Users/mario/.m2/repository/com/fasterxml/jackson/core/jackson-annotations/2.7.0/jackson-annotations-2.7.0.jar:/Users/mario/.m2/repository/com/fasterxml/jackson/core/jackson-core/2.7.9/jackson-core-2.7.9.jar:"/>
    <property name="java.vm.vendor" value="Oracle Corporation"/>
    <property name="sun.arch.data.model" value="64"/>
    <property name="java.vendor.url" value="https://openjdk.java.net/"/>
    <property name="os.name" value="Mac OS X"/>
    <property name="java.vm.specification.version" value="14"/>
    <property name="sun.java.launcher" value="SUN_STANDARD"/>
    <property name="user.country" value="GB"/>
    <property name="sun.boot.library.path" value="/usr/local/Cellar/openjdk/14.0.1/libexec/openjdk.jdk/Contents/Home/lib"/>
    <property name="sun.java.command" value="/Users/mario/Desktop/CBD/Lab3_93430/3/app/target/surefire/surefirebooter16073621426584050104.jar /Users/mario/Desktop/CBD/Lab3_93430/3/app/target/surefire 2020-12-15T12-59-38_025-jvmRun1 surefire16670204023003865169tmp surefire_05182719079632460304tmp"/>
    <property name="http.nonProxyHosts" value="local|*.local|169.254/16|*.169.254/16"/>
    <property name="jdk.debug" value="release"/>
    <property name="surefire.test.class.path" value="/Users/mario/Desktop/CBD/Lab3_93430/3/app/target/test-classes:/Users/mario/Desktop/CBD/Lab3_93430/3/app/target/classes:/Users/mario/.m2/repository/junit/junit/4.11/junit-4.11.jar:/Users/mario/.m2/repository/org/hamcrest/hamcrest-core/1.3/hamcrest-core-1.3.jar:/Users/mario/.m2/repository/com/datastax/cassandra/cassandra-driver-core/3.10.0/cassandra-driver-core-3.10.0.jar:/Users/mario/.m2/repository/io/netty/netty-handler/4.0.56.Final/netty-handler-4.0.56.Final.jar:/Users/mario/.m2/repository/io/netty/netty-buffer/4.0.56.Final/netty-buffer-4.0.56.Final.jar:/Users/mario/.m2/repository/io/netty/netty-common/4.0.56.Final/netty-common-4.0.56.Final.jar:/Users/mario/.m2/repository/io/netty/netty-transport/4.0.56.Final/netty-transport-4.0.56.Final.jar:/Users/mario/.m2/repository/io/netty/netty-codec/4.0.56.Final/netty-codec-4.0.56.Final.jar:/Users/mario/.m2/repository/com/google/guava/guava/19.0/guava-19.0.jar:/Users/mario/.m2/repository/io/dropwizard/metrics/metrics-core/3.2.2/metrics-core-3.2.2.jar:/Users/mario/.m2/repository/org/slf4j/slf4j-api/1.7.25/slf4j-api-1.7.25.jar:/Users/mario/.m2/repository/com/github/jnr/jnr-ffi/2.1.7/jnr-ffi-2.1.7.jar:/Users/mario/.m2/repository/com/github/jnr/jffi/1.2.16/jffi-1.2.16.jar:/Users/mario/.m2/repository/com/github/jnr/jffi/1.2.16/jffi-1.2.16-native.jar:/Users/mario/.m2/repository/org/ow2/asm/asm/5.0.3/asm-5.0.3.jar:/Users/mario/.m2/repository/org/ow2/asm/asm-commons/5.0.3/asm-commons-5.0.3.jar:/Users/mario/.m2/repository/org/ow2/asm/asm-analysis/5.0.3/asm-analysis-5.0.3.jar:/Users/mario/.m2/repository/org/ow2/asm/asm-tree/5.0.3/asm-tree-5.0.3.jar:/Users/mario/.m2/repository/org/ow2/asm/asm-util/5.0.3/asm-util-5.0.3.jar:/Users/mario/.m2/repository/com/github/jnr/jnr-x86asm/1.0.2/jnr-x86asm-1.0.2.jar:/Users/mario/.m2/repository/com/github/jnr/jnr-posix/3.0.44/jnr-posix-3.0.44.jar:/Users/mario/.m2/repository/com/github/jnr/jnr-constants/0.9.9/jnr-constants-0.9.9.jar:/Users/mario/.m2/repository/com/fasterxml/jackson/core/jackson-databind/2.7.9.3/jackson-databind-2.7.9.3.jar:/Users/mario/.m2/repository/com/fasterxml/jackson/core/jackson-annotations/2.7.0/jackson-annotations-2.7.0.jar:/Users/mario/.m2/repository/com/fasterxml/jackson/core/jackson-core/2.7.9/jackson-core-2.7.9.jar:"/>
    <property name="sun.cpu.endian" value="little"/>
    <property name="user.home" value="/Users/mario"/>
    <property name="user.language" value="en"/>
    <property name="java.specification.vendor" value="Oracle Corporation"/>
    <property name="java.version.date" value="2020-04-14"/>
    <property name="java.home" value="/usr/local/Cellar/openjdk/14.0.1/libexec/openjdk.jdk/Contents/Home"/>
    <property name="file.separator" value="/"/>
    <property name="basedir" value="/Users/mario/Desktop/CBD/Lab3_93430/3/app"/>
    <property name="java.vm.compressedOopsMode" value="Zero based"/>
    <property name="line.separator" value="&#10;"/>
    <property name="java.specification.name" value="Java Platform API Specification"/>
    <property name="java.vm.specification.vendor" value="Oracle Corporation"/>
    <property name="surefire.real.class.path" value="/Users/mario/Desktop/CBD/Lab3_93430/3/app/target/surefire/surefirebooter16073621426584050104.jar"/>
    <property name="sun.management.compiler" value="HotSpot 64-Bit Tiered Compilers"/>
    <property name="ftp.nonProxyHosts" value="local|*.local|169.254/16|*.169.254/16"/>
    <property name="java.runtime.version" value="14.0.1+14"/>
    <property name="user.name" value="mario"/>
    <property name="path.separator" value=":"/>
    <property name="os.version" value="10.15.7"/>
    <property name="java.runtime.name" value="OpenJDK Runtime Environment"/>
    <property name="file.encoding" value="UTF-8"/>
    <property name="java.vm.name" value="OpenJDK 64-Bit Server VM"/>
    <property name="localRepository" value="/Users/mario/.m2/repository"/>
    <property name="java.vendor.url.bug" value="https://bugreport.java.com/bugreport/"/>
    <property name="java.io.tmpdir" value="/var/folders/p6/n3vpmbmn2s15fhn83qmld1800000gn/T/"/>
    <property name="java.version" value="14.0.1"/>
    <property name="user.dir" value="/Users/mario/Desktop/CBD/Lab3_93430/3/app"/>
    <property name="os.arch" value="x86_64"/>
    <property name="java.vm.specification.name" value="Java Virtual Machine Specification"/>
    <property name="java.library.path" value="/Users/mario/Library/Java/Extensions:/Library/Java/Extensions:/Network/Library/Java/Extensions:/System/Library/Java/Extensions:/usr/lib/java:."/>
    <property name="java.vm.info" value="mixed mode, sharing"/>
    <property name="java.vendor" value="N/A"/>
    <property name="java.vm.version" value="14.0.1+14"/>
    <property name="sun.io.unicode.encoding" value="UnicodeBig"/>
    <property name="socksNonProxyHosts" value="local|*.local|169.254/16|*.169.254/16"/>
    <property name="java.class.version" value="58.0"/>
  </properties>
  <testcase name="shouldAnswerWithTrue" classname="com.cbd.AppTest" time="0.002"/>
</testsuite>